2022-10-26T07:03:09+00:00 CRITICAL Uncaught TypeError: call_user_func_array(): Argument #1 ($callback) must be a valid callback, function "add_menu_list_item_class" not found or invalid function name in D:\TU HOC\xampp\htdocs\Metro System\wp-includes\class-wp-hook.php:309
Stack trace:
#0 D:\TU HOC\xampp\htdocs\Metro System\wp-includes\plugin.php(191): WP_Hook->apply_filters(Array, Array)
#1 D:\TU HOC\xampp\htdocs\Metro System\wp-content\plugins\header-footer-elementor\inc\widgets-manager\widgets\class-menu-walker.php(46): apply_filters('nav_menu_css_cl...', Array, Object(WP_Post), Object(stdClass), 0)
#2 D:\TU HOC\xampp\htdocs\Metro System\wp-includes\class-wp-walker.php(146): HFE\WidgetsManager\Widgets\Menu_Walker->start_el('', Object(WP_Post), 0, Object(stdClass))
#3 D:\TU HOC\xampp\htdocs\Metro System\wp-content\plugins\header-footer-elementor\inc\widgets-manager\widgets\class-menu-walker.php(109): Walker->display_element(Object(WP_Post), Array, 0, 0, Array, '')
#4 D:\TU HOC\xampp\htdocs\Metro System\wp-includes\class-wp-walker.php(246): HFE\WidgetsManager\Widgets\Menu_Walker->display_element(Object(WP_Post), Array, 0, 0, Array, '')
#5 D:\TU HOC\xampp\htdocs\Metro System\wp-includes\nav-menu-template.php(608): Walker->walk(Array, 0, Object(stdClass))
#6 D:\TU HOC\xampp\htdocs\Metro System\wp-includes\nav-menu-template.php(228): walk_nav_menu_tree(Array, 0, Object(stdClass))
#7 D:\TU HOC\xampp\htdocs\Metro System\wp-content\plugins\header-footer-elementor\inc\widgets-manager\widgets\class-navigation-menu.php(1934): wp_nav_menu(Object(stdClass))
#8 D:\TU HOC\xampp\htdocs\Metro System\wp-content\plugins\elementor\includes\base\controls-stack.php(2249): HFE\WidgetsManager\Widgets\Navigation_Menu->render()
#9 D:\TU HOC\xampp\htdocs\Metro System\wp-content\plugins\elementor\includes\base\widget-base.php(609): Elementor\Controls_Stack->render_by_mode()
#10 D:\TU HOC\xampp\htdocs\Metro System\wp-content\plugins\elementor\includes\base\widget-base.php(750): Elementor\Widget_Base->render_content()
#11 D:\TU HOC\xampp\htdocs\Metro System\wp-content\plugins\elementor\includes\base\element-base.php(447): Elementor\Widget_Base->print_content()
#12 D:\TU HOC\xampp\htdocs\Metro System\wp-content\plugins\elementor\includes\base\element-base.php(787): Elementor\Element_Base->print_element()
#13 D:\TU HOC\xampp\htdocs\Metro System\wp-content\plugins\elementor\includes\base\element-base.php(447): Elementor\Element_Base->print_content()
#14 D:\TU HOC\xampp\htdocs\Metro System\wp-content\plugins\elementor\includes\base\element-base.php(787): Elementor\Element_Base->print_element()
#15 D:\TU HOC\xampp\htdocs\Metro System\wp-content\plugins\elementor\includes\base\element-base.php(447): Elementor\Element_Base->print_content()
#16 D:\TU HOC\xampp\htdocs\Metro System\wp-content\plugins\elementor\core\base\document.php(1635): Elementor\Element_Base->print_element()
#17 D:\TU HOC\xampp\htdocs\Metro System\wp-content\plugins\elementor\core\base\document.php(1086): Elementor\Core\Base\Document->print_elements(Array)
#18 D:\TU HOC\xampp\htdocs\Metro System\wp-content\plugins\elementor\includes\frontend.php(1092): Elementor\Core\Base\Document->print_elements_with_wrapper(Array)
#19 D:\TU HOC\xampp\htdocs\Metro System\wp-content\plugins\elementor\includes\frontend.php(1160): Elementor\Frontend->get_builder_content('826', false)
#20 D:\TU HOC\xampp\htdocs\Metro System\wp-content\plugins\header-footer-elementor\inc\class-header-footer-elementor.php(510): Elementor\Frontend->get_builder_content_for_display('826')
#21 D:\TU HOC\xampp\htdocs\Metro System\wp-content\plugins\header-footer-elementor\inc\hfe-functions.php(88): Header_Footer_Elementor::get_header_content()
#22 D:\TU HOC\xampp\htdocs\Metro System\wp-includes\class-wp-hook.php(307): hfe_render_header('')
#23 D:\TU HOC\xampp\htdocs\Metro System\wp-includes\class-wp-hook.php(331): WP_Hook->apply_filters('', Array)
#24 D:\TU HOC\xampp\htdocs\Metro System\wp-includes\plugin.php(476): WP_Hook->do_action(Array)
#25 D:\TU HOC\xampp\htdocs\Metro System\wp-content\plugins\header-footer-elementor\themes\default\hfe-header.php(23): do_action('hfe_header')
#26 D:\TU HOC\xampp\htdocs\Metro System\wp-content\plugins\header-footer-elementor\themes\default\class-hfe-default-compat.php(57): require('D:\\TU HOC\\xampp...')
#27 D:\TU HOC\xampp\htdocs\Metro System\wp-includes\class-wp-hook.php(309): HFE\Themes\HFE_Default_Compat->override_header(NULL)
#28 D:\TU HOC\xampp\htdocs\Metro System\wp-includes\class-wp-hook.php(331): WP_Hook->apply_filters('', Array)
#29 D:\TU HOC\xampp\htdocs\Metro System\wp-includes\plugin.php(476): WP_Hook->do_action(Array)
#30 D:\TU HOC\xampp\htdocs\Metro System\wp-includes\general-template.php(38): do_action('get_header', NULL, Array)
#31 D:\TU HOC\xampp\htdocs\Metro System\wp-content\plugins\elementor\modules\page-templates\templates\header-footer.php(9): get_header()
#32 D:\TU HOC\xampp\htdocs\Metro System\wp-includes\template-loader.php(106): include('D:\\TU HOC\\xampp...')
#33 D:\TU HOC\xampp\htdocs\Metro System\wp-blog-header.php(19): require_once('D:\\TU HOC\\xampp...')
#34 D:\TU HOC\xampp\htdocs\Metro System\index.php(17): require('D:\\TU HOC\\xampp...')
#35 {main}
  thrown in D:\TU HOC\xampp\htdocs\Metro System\wp-includes\class-wp-hook.php on line 309

